[2025-06-18 17:15:30,392] {taskinstance.py:903} INFO - Dependencies all met for <TaskInstance: agile_data_science_batch_prediction_model_training.pyspark_train_classifier_model 2025-06-18T17:15:29.891236+00:00 [queued]>
[2025-06-18 17:15:30,426] {taskinstance.py:903} INFO - Dependencies all met for <TaskInstance: agile_data_science_batch_prediction_model_training.pyspark_train_classifier_model 2025-06-18T17:15:29.891236+00:00 [queued]>
[2025-06-18 17:15:30,426] {taskinstance.py:1095} INFO - 
--------------------------------------------------------------------------------
[2025-06-18 17:15:30,426] {taskinstance.py:1096} INFO - Starting attempt 1 of 4
[2025-06-18 17:15:30,426] {taskinstance.py:1097} INFO - 
--------------------------------------------------------------------------------
[2025-06-18 17:15:30,438] {taskinstance.py:1115} INFO - Executing <Task(BashOperator): pyspark_train_classifier_model> on 2025-06-18T17:15:29.891236+00:00
[2025-06-18 17:15:30,446] {standard_task_runner.py:52} INFO - Started process 247 to run task
[2025-06-18 17:15:30,452] {standard_task_runner.py:76} INFO - Running: ['***', 'tasks', 'run', 'agile_data_science_batch_prediction_model_training', 'pyspark_train_classifier_model', '2025-06-18T17:15:29.891236+00:00', '--job-id', '12', '--pool', 'default_pool', '--raw', '--subdir', 'DAGS_FOLDER/setup.py', '--cfg-path', '/tmp/tmphr2lnj4n', '--error-file', '/tmp/tmp8vvgcv89']
[2025-06-18 17:15:30,458] {standard_task_runner.py:77} INFO - Job 12: Subtask pyspark_train_classifier_model
[2025-06-18 17:15:30,548] {logging_mixin.py:109} INFO - Running <TaskInstance: agile_data_science_batch_prediction_model_training.pyspark_train_classifier_model 2025-06-18T17:15:29.891236+00:00 [running]> on host 1d71b6e59111
[2025-06-18 17:15:30,664] {taskinstance.py:1254} INFO - Exporting the following env vars:
AIRFLOW_CTX_DAG_OWNER=***
AIRFLOW_CTX_DAG_ID=agile_data_science_batch_prediction_model_training
AIRFLOW_CTX_TASK_ID=pyspark_train_classifier_model
AIRFLOW_CTX_EXECUTION_DATE=2025-06-18T17:15:29.891236+00:00
AIRFLOW_CTX_DAG_RUN_ID=manual__2025-06-18T17:15:29.891236+00:00
[2025-06-18 17:15:30,665] {subprocess.py:52} INFO - Tmp dir root location: 
 /tmp
[2025-06-18 17:15:30,666] {subprocess.py:63} INFO - Running command: ['bash', '-c', '\necho "Base Path: /opt/***/";\necho "Full File Path: /opt/***//resources/train_spark_mllib_model.py";\nspark-submit --master local[8]   /opt/***//resources/train_spark_mllib_model.py   /opt/***/']
[2025-06-18 17:15:30,678] {subprocess.py:74} INFO - Output:
[2025-06-18 17:15:30,686] {subprocess.py:78} INFO - Base Path: /opt/***/
[2025-06-18 17:15:30,687] {subprocess.py:78} INFO - Full File Path: /opt/***//resources/train_spark_mllib_model.py
[2025-06-18 17:15:32,064] {subprocess.py:78} INFO - WARNING: An illegal reflective access operation has occurred
[2025-06-18 17:15:32,064] {subprocess.py:78} INFO - WARNING: Illegal reflective access by org.apache.spark.unsafe.Platform (file:/opt/spark-3.0.0-bin-hadoop3.2/jars/spark-unsafe_2.12-3.0.0.jar) to constructor java.nio.DirectByteBuffer(long,int)
[2025-06-18 17:15:32,065] {subprocess.py:78} INFO - WARNING: Please consider reporting this to the maintainers of org.apache.spark.unsafe.Platform
[2025-06-18 17:15:32,065] {subprocess.py:78} INFO - WARNING: Use --illegal-access=warn to enable warnings of further illegal reflective access operations
[2025-06-18 17:15:32,065] {subprocess.py:78} INFO - WARNING: All illegal access operations will be denied in a future release
[2025-06-18 17:15:32,700] {subprocess.py:78} INFO - 25/06/18 17:15:32 WARN NativeCodeLoader: Unable to load native-hadoop library for your platform... using builtin-java classes where applicable
[2025-06-18 17:15:34,022] {subprocess.py:78} INFO - Using Spark's default log4j profile: org/apache/spark/log4j-defaults.properties
[2025-06-18 17:15:34,037] {subprocess.py:78} INFO - 25/06/18 17:15:34 INFO SparkContext: Running Spark version 3.0.0
[2025-06-18 17:15:34,113] {subprocess.py:78} INFO - 25/06/18 17:15:34 INFO ResourceUtils: ==============================================================
[2025-06-18 17:15:34,115] {subprocess.py:78} INFO - 25/06/18 17:15:34 INFO ResourceUtils: Resources for spark.driver:
[2025-06-18 17:15:34,115] {subprocess.py:78} INFO - 
[2025-06-18 17:15:34,115] {subprocess.py:78} INFO - 25/06/18 17:15:34 INFO ResourceUtils: ==============================================================
[2025-06-18 17:15:34,116] {subprocess.py:78} INFO - 25/06/18 17:15:34 INFO SparkContext: Submitted application: train_spark_mllib_model.py
[2025-06-18 17:15:34,222] {subprocess.py:78} INFO - 25/06/18 17:15:34 INFO SecurityManager: Changing view acls to: ***
[2025-06-18 17:15:34,222] {subprocess.py:78} INFO - 25/06/18 17:15:34 INFO SecurityManager: Changing modify acls to: ***
[2025-06-18 17:15:34,222] {subprocess.py:78} INFO - 25/06/18 17:15:34 INFO SecurityManager: Changing view acls groups to:
[2025-06-18 17:15:34,226] {subprocess.py:78} INFO - 25/06/18 17:15:34 INFO SecurityManager: Changing modify acls groups to:
[2025-06-18 17:15:34,227] {subprocess.py:78} INFO - 25/06/18 17:15:34 INFO SecurityManager: SecurityManager: authentication disabled; ui acls disabled; users  with view permissions: Set(***); groups with view permissions: Set(); users  with modify permissions: Set(***); groups with modify permissions: Set()
[2025-06-18 17:15:34,679] {subprocess.py:78} INFO - 25/06/18 17:15:34 INFO Utils: Successfully started service 'sparkDriver' on port 34903.
[2025-06-18 17:15:34,732] {subprocess.py:78} INFO - 25/06/18 17:15:34 INFO SparkEnv: Registering MapOutputTracker
[2025-06-18 17:15:34,790] {subprocess.py:78} INFO - 25/06/18 17:15:34 INFO SparkEnv: Registering BlockManagerMaster
[2025-06-18 17:15:34,822] {subprocess.py:78} INFO - 25/06/18 17:15:34 INFO BlockManagerMasterEndpoint: Using org.apache.spark.storage.DefaultTopologyMapper for getting topology information
[2025-06-18 17:15:34,822] {subprocess.py:78} INFO - 25/06/18 17:15:34 INFO BlockManagerMasterEndpoint: BlockManagerMasterEndpoint up
[2025-06-18 17:15:34,833] {subprocess.py:78} INFO - 25/06/18 17:15:34 INFO SparkEnv: Registering BlockManagerMasterHeartbeat
[2025-06-18 17:15:34,856] {subprocess.py:78} INFO - 25/06/18 17:15:34 INFO DiskBlockManager: Created local directory at /tmp/blockmgr-5e765096-a9de-452c-af89-d36deda382b8
[2025-06-18 17:15:34,894] {subprocess.py:78} INFO - 25/06/18 17:15:34 INFO MemoryStore: MemoryStore started with capacity 434.4 MiB
[2025-06-18 17:15:34,918] {subprocess.py:78} INFO - 25/06/18 17:15:34 INFO SparkEnv: Registering OutputCommitCoordinator
[2025-06-18 17:15:35,267] {subprocess.py:78} INFO - 25/06/18 17:15:35 INFO Utils: Successfully started service 'SparkUI' on port 4040.
[2025-06-18 17:15:35,371] {subprocess.py:78} INFO - 25/06/18 17:15:35 INFO SparkUI: Bound SparkUI to 0.0.0.0, and started at http://1d71b6e59111:4040
[2025-06-18 17:15:35,700] {subprocess.py:78} INFO - 25/06/18 17:15:35 INFO Executor: Starting executor ID driver on host 1d71b6e59111
[2025-06-18 17:15:35,742] {subprocess.py:78} INFO - 25/06/18 17:15:35 INFO Utils: Successfully started service 'org.apache.spark.network.netty.NettyBlockTransferService' on port 44671.
[2025-06-18 17:15:35,746] {subprocess.py:78} INFO - 25/06/18 17:15:35 INFO NettyBlockTransferService: Server created on 1d71b6e59111:44671
[2025-06-18 17:15:35,749] {subprocess.py:78} INFO - 25/06/18 17:15:35 INFO BlockManager: Using org.apache.spark.storage.RandomBlockReplicationPolicy for block replication policy
[2025-06-18 17:15:35,760] {subprocess.py:78} INFO - 25/06/18 17:15:35 INFO BlockManagerMaster: Registering BlockManager BlockManagerId(driver, 1d71b6e59111, 44671, None)
[2025-06-18 17:15:35,774] {subprocess.py:78} INFO - 25/06/18 17:15:35 INFO BlockManagerMasterEndpoint: Registering block manager 1d71b6e59111:44671 with 434.4 MiB RAM, BlockManagerId(driver, 1d71b6e59111, 44671, None)
[2025-06-18 17:15:35,780] {subprocess.py:78} INFO - 25/06/18 17:15:35 INFO BlockManagerMaster: Registered BlockManager BlockManagerId(driver, 1d71b6e59111, 44671, None)
[2025-06-18 17:15:35,781] {subprocess.py:78} INFO - 25/06/18 17:15:35 INFO BlockManager: Initialized BlockManager: BlockManagerId(driver, 1d71b6e59111, 44671, None)
[2025-06-18 17:15:36,479] {subprocess.py:78} INFO - 25/06/18 17:15:36 INFO SharedState: Setting hive.metastore.warehouse.dir ('null') to the value of spark.sql.warehouse.dir ('file:/tmp/***tmpn2mms94l/spark-warehouse').
[2025-06-18 17:15:36,483] {subprocess.py:78} INFO - 25/06/18 17:15:36 INFO SharedState: Warehouse path is 'file:/tmp/***tmpn2mms94l/spark-warehouse'.
[2025-06-18 17:15:37,599] {subprocess.py:78} INFO - Traceback (most recent call last):
[2025-06-18 17:15:37,599] {subprocess.py:78} INFO -   File "/opt/***/resources/train_spark_mllib_model.py", line 190, in <module>
[2025-06-18 17:15:37,600] {subprocess.py:78} INFO -     main(sys.argv[1])
[2025-06-18 17:15:37,600] {subprocess.py:78} INFO -   File "/opt/***/resources/train_spark_mllib_model.py", line 59, in main
[2025-06-18 17:15:37,600] {subprocess.py:78} INFO -     features = spark.read.json(input_path, schema=schema)
[2025-06-18 17:15:37,600] {subprocess.py:78} INFO -   File "/opt/spark-3.0.0-bin-hadoop3.2/python/pyspark/sql/readwriter.py", line 300, in json
[2025-06-18 17:15:37,600] {subprocess.py:78} INFO -     return self._df(self._jreader.json(self._spark._sc._jvm.PythonUtils.toSeq(path)))
[2025-06-18 17:15:37,601] {subprocess.py:78} INFO -   File "/opt/spark-3.0.0-bin-hadoop3.2/python/lib/py4j-0.10.9-src.zip/py4j/java_gateway.py", line 1305, in __call__
[2025-06-18 17:15:37,601] {subprocess.py:78} INFO -   File "/opt/spark-3.0.0-bin-hadoop3.2/python/pyspark/sql/utils.py", line 137, in deco
[2025-06-18 17:15:37,601] {subprocess.py:78} INFO -     raise_from(converted)
[2025-06-18 17:15:37,601] {subprocess.py:78} INFO -   File "<string>", line 3, in raise_from
[2025-06-18 17:15:37,615] {subprocess.py:78} INFO - pyspark.sql.utils.AnalysisException: Path does not exist: file:/opt/***/data/simple_flight_delay_features.jsonl.bz2;
[2025-06-18 17:15:37,692] {subprocess.py:78} INFO - 25/06/18 17:15:37 INFO SparkContext: Invoking stop() from shutdown hook
[2025-06-18 17:15:37,718] {subprocess.py:78} INFO - 25/06/18 17:15:37 INFO SparkUI: Stopped Spark web UI at http://1d71b6e59111:4040
[2025-06-18 17:15:37,746] {subprocess.py:78} INFO - 25/06/18 17:15:37 INFO MapOutputTrackerMasterEndpoint: MapOutputTrackerMasterEndpoint stopped!
[2025-06-18 17:15:37,770] {subprocess.py:78} INFO - 25/06/18 17:15:37 INFO MemoryStore: MemoryStore cleared
[2025-06-18 17:15:37,774] {subprocess.py:78} INFO - 25/06/18 17:15:37 INFO BlockManager: BlockManager stopped
[2025-06-18 17:15:37,783] {subprocess.py:78} INFO - 25/06/18 17:15:37 INFO BlockManagerMaster: BlockManagerMaster stopped
[2025-06-18 17:15:37,788] {subprocess.py:78} INFO - 25/06/18 17:15:37 INFO OutputCommitCoordinator$OutputCommitCoordinatorEndpoint: OutputCommitCoordinator stopped!
[2025-06-18 17:15:37,812] {subprocess.py:78} INFO - 25/06/18 17:15:37 INFO SparkContext: Successfully stopped SparkContext
[2025-06-18 17:15:37,813] {subprocess.py:78} INFO - 25/06/18 17:15:37 INFO ShutdownHookManager: Shutdown hook called
[2025-06-18 17:15:37,814] {subprocess.py:78} INFO - 25/06/18 17:15:37 INFO ShutdownHookManager: Deleting directory /tmp/spark-9ca76f0d-1c79-4934-bb9f-a3abd427db07/pyspark-570e2c7f-e9cd-4aa6-a74f-d6b3e6290e0b
[2025-06-18 17:15:37,820] {subprocess.py:78} INFO - 25/06/18 17:15:37 INFO ShutdownHookManager: Deleting directory /tmp/spark-9ca76f0d-1c79-4934-bb9f-a3abd427db07
[2025-06-18 17:15:37,827] {subprocess.py:78} INFO - 25/06/18 17:15:37 INFO ShutdownHookManager: Deleting directory /tmp/spark-be37ceea-81a3-4ef2-9618-f56f1de4518f
[2025-06-18 17:15:37,865] {subprocess.py:82} INFO - Command exited with return code 1
[2025-06-18 17:15:37,887] {taskinstance.py:1463} ERROR - Task failed with exception
Traceback (most recent call last):
  File "/home/airflow/.local/lib/python3.6/site-packages/airflow/models/taskinstance.py", line 1165, in _run_raw_task
    self._prepare_and_execute_task_with_callbacks(context, task)
  File "/home/airflow/.local/lib/python3.6/site-packages/airflow/models/taskinstance.py", line 1283, in _prepare_and_execute_task_with_callbacks
    result = self._execute_task(context, task_copy)
  File "/home/airflow/.local/lib/python3.6/site-packages/airflow/models/taskinstance.py", line 1313, in _execute_task
    result = task_copy.execute(context=context)
  File "/home/airflow/.local/lib/python3.6/site-packages/airflow/operators/bash.py", line 176, in execute
    raise AirflowException('Bash command failed. The command returned a non-zero exit code.')
airflow.exceptions.AirflowException: Bash command failed. The command returned a non-zero exit code.
[2025-06-18 17:15:37,890] {taskinstance.py:1513} INFO - Marking task as UP_FOR_RETRY. dag_id=agile_data_science_batch_prediction_model_training, task_id=pyspark_train_classifier_model, execution_date=20250618T171529, start_date=20250618T171530, end_date=20250618T171537
[2025-06-18 17:15:37,926] {local_task_job.py:151} INFO - Task exited with return code 1
[2025-06-18 17:15:37,963] {local_task_job.py:261} INFO - 0 downstream tasks scheduled from follow-on schedule check
